# JRE version: OpenJDK Runtime Environment (7.0_85-b01) (build 1.7.0_85-b01)
# Java VM: OpenJDK 64-Bit Server VM (24.85-b03 mixed mode linux-amd64 compressed oops)
Heap
 PSYoungGen      total 103936K, used 53157K [0x00000000e1f00000, 0x00000000e8900000, 0x0000000100000000)
  eden space 103424K, 50% used [0x00000000e1f00000,0x00000000e5281560,0x00000000e8400000)
  from space 512K, 81% used [0x00000000e8400000,0x00000000e8468000,0x00000000e8480000)
  to   space 1024K, 0% used [0x00000000e8800000,0x00000000e8800000,0x00000000e8900000)
 ParOldGen       total 51712K, used 39378K [0x00000000a5e00000, 0x00000000a9080000, 0x00000000e1f00000)
  object space 51712K, 76% used [0x00000000a5e00000,0x00000000a8474980,0x00000000a9080000)
 PSPermGen       total 27136K, used 26702K [0x000000009b800000, 0x000000009d280000, 0x00000000a5e00000)
  object space 27136K, 98% used [0x000000009b800000,0x000000009d213830,0x000000009d280000)
GC Heap History (10 events):
Event: 8050,266 GC heap before
{Heap before GC invocations=6925 (full 74):
 PSYoungGen      total 85504K, used 85344K [0x00000000e1f00000, 0x00000000e8500000, 0x0000000100000000)
  eden space 84992K, 100% used [0x00000000e1f00000,0x00000000e7200000,0x00000000e7200000)
  from space 512K, 68% used [0x00000000e8480000,0x00000000e84d8000,0x00000000e8500000)
  to   space 512K, 0% used [0x00000000e8400000,0x00000000e8400000,0x00000000e8480000)
 ParOldGen       total 51712K, used 37280K [0x00000000a5e00000, 0x00000000a9080000, 0x00000000e1f00000)
  object space 51712K, 72% used [0x00000000a5e00000,0x00000000a8268158,0x00000000a9080000)
 PSPermGen       total 27136K, used 26693K [0x000000009b800000, 0x000000009d280000, 0x00000000a5e00000)
  object space 27136K, 98% used [0x000000009b800000,0x000000009d211400,0x000000009d280000)
Event: 8050,270 GC heap after
Heap after GC invocations=6925 (full 74):
 PSYoungGen      total 82432K, used 352K [0x00000000e1f00000, 0x00000000e8500000, 0x0000000100000000)
  eden space 81920K, 0% used [0x00000000e1f00000,0x00000000e1f00000,0x00000000e6f00000)
  from space 512K, 68% used [0x00000000e8400000,0x00000000e8458000,0x00000000e8480000)
  to   space 512K, 0% used [0x00000000e8480000,0x00000000e8480000,0x00000000e8500000)
 ParOldGen       total 51712K, used 38178K [0x00000000a5e00000, 0x00000000a9080000, 0x00000000e1f00000)
  object space 51712K, 73% used [0x00000000a5e00000,0x00000000a8348980,0x00000000a9080000)
 PSPermGen       total 27136K, used 26693K [0x000000009b800000, 0x000000009d280000, 0x00000000a5e00000)
  object space 27136K, 98% used [0x000000009b800000,0x000000009d211400,0x000000009d280000)
}
Event: 8050,713 GC heap before
{Heap before GC invocations=6926 (full 74):
 PSYoungGen      total 82432K, used 82272K [0x00000000e1f00000, 0x00000000e8500000, 0x0000000100000000)
  eden space 81920K, 100% used [0x00000000e1f00000,0x00000000e6f00000,0x00000000e6f00000)
  from space 512K, 68% used [0x00000000e8400000,0x00000000e8458000,0x00000000e8480000)
  to   space 512K, 0% used [0x00000000e8480000,0x00000000e8480000,0x00000000e8500000)
 ParOldGen       total 51712K, used 38178K [0x00000000a5e00000, 0x00000000a9080000, 0x00000000e1f00000)
  object space 51712K, 73% used [0x00000000a5e00000,0x00000000a8348980,0x00000000a9080000)
 PSPermGen       total 27136K, used 26693K [0x000000009b800000, 0x000000009d280000, 0x00000000a5e00000)
  object space 27136K, 98% used [0x000000009b800000,0x000000009d211400,0x000000009d280000)
Event: 8050,716 GC heap after
Heap after GC invocations=6926 (full 74):
 PSYoungGen      total 79872K, used 352K [0x00000000e1f00000, 0x00000000e8500000, 0x0000000100000000)
  eden space 79360K, 0% used [0x00000000e1f00000,0x00000000e1f00000,0x00000000e6c80000)
  from space 512K, 68% used [0x00000000e8480000,0x00000000e84d8000,0x00000000e8500000)
  to   space 512K, 0% used [0x00000000e8400000,0x00000000e8400000,0x00000000e8480000)
 ParOldGen       total 51712K, used 38490K [0x00000000a5e00000, 0x00000000a9080000, 0x00000000e1f00000)
  object space 51712K, 74% used [0x00000000a5e00000,0x00000000a8396980,0x00000000a9080000)
 PSPermGen       total 27136K, used 26693K [0x000000009b800000, 0x000000009d280000, 0x00000000a5e00000)
  object space 27136K, 98% used [0x000000009b800000,0x000000009d211400,0x000000009d280000)
}
Event: 8051,152 GC heap before
{Heap before GC invocations=6927 (full 74):
 PSYoungGen      total 79872K, used 79712K [0x00000000e1f00000, 0x00000000e8500000, 0x0000000100000000)
  eden space 79360K, 100% used [0x00000000e1f00000,0x00000000e6c80000,0x00000000e6c80000)
  from space 512K, 68% used [0x00000000e8480000,0x00000000e84d8000,0x00000000e8500000)
  to   space 512K, 0% used [0x00000000e8400000,0x00000000e8400000,0x00000000e8480000)
 ParOldGen       total 51712K, used 38490K [0x00000000a5e00000, 0x00000000a9080000, 0x00000000e1f00000)
  object space 51712K, 74% used [0x00000000a5e00000,0x00000000a8396980,0x00000000a9080000)
 PSPermGen       total 27136K, used 26693K [0x000000009b800000, 0x000000009d280000, 0x00000000a5e00000)
  object space 27136K, 98% used [0x000000009b800000,0x000000009d211400,0x000000009d280000)
Event: 8051,156 GC heap after
Heap after GC invocations=6927 (full 74):
 PSYoungGen      total 77312K, used 384K [0x00000000e1f00000, 0x00000000e8500000, 0x0000000100000000)
  eden space 76800K, 0% used [0x00000000e1f00000,0x00000000e1f00000,0x00000000e6a00000)
  from space 512K, 75% used [0x00000000e8400000,0x00000000e8460000,0x00000000e8480000)
  to   space 512K, 0% used [0x00000000e8480000,0x00000000e8480000,0x00000000e8500000)
 ParOldGen       total 51712K, used 38794K [0x00000000a5e00000, 0x00000000a9080000, 0x00000000e1f00000)
  object space 51712K, 75% used [0x00000000a5e00000,0x00000000a83e2980,0x00000000a9080000)
 PSPermGen       total 27136K, used 26693K [0x000000009b800000, 0x000000009d280000, 0x00000000a5e00000)
  object space 27136K, 98% used [0x000000009b800000,0x000000009d211400,0x000000009d280000)
}
Event: 8051,571 GC heap before
{Heap before GC invocations=6928 (full 74):
 PSYoungGen      total 77312K, used 77184K [0x00000000e1f00000, 0x00000000e8500000, 0x0000000100000000)
  eden space 76800K, 100% used [0x00000000e1f00000,0x00000000e6a00000,0x00000000e6a00000)
  from space 512K, 75% used [0x00000000e8400000,0x00000000e8460000,0x00000000e8480000)
  to   space 512K, 0% used [0x00000000e8480000,0x00000000e8480000,0x00000000e8500000)
 ParOldGen       total 51712K, used 38794K [0x00000000a5e00000, 0x00000000a9080000, 0x00000000e1f00000)
  object space 51712K, 75% used [0x00000000a5e00000,0x00000000a83e2980,0x00000000a9080000)
 PSPermGen       total 27136K, used 26693K [0x000000009b800000, 0x000000009d280000, 0x00000000a5e00000)
  object space 27136K, 98% used [0x000000009b800000,0x000000009d211400,0x000000009d280000)
Event: 8051,578 GC heap after
Heap after GC invocations=6928 (full 74):
 PSYoungGen      total 90624K, used 288K [0x00000000e1f00000, 0x00000000e8500000, 0x0000000100000000)
  eden space 90112K, 0% used [0x00000000e1f00000,0x00000000e1f00000,0x00000000e7700000)
  from space 512K, 56% used [0x00000000e8480000,0x00000000e84c8000,0x00000000e8500000)
  to   space 512K, 0% used [0x00000000e8400000,0x00000000e8400000,0x00000000e8480000)
 ParOldGen       total 51712K, used 39090K [0x00000000a5e00000, 0x00000000a9080000, 0x00000000e1f00000)
  object space 51712K, 75% used [0x00000000a5e00000,0x00000000a842c980,0x00000000a9080000)
 PSPermGen       total 27136K, used 26693K [0x000000009b800000, 0x000000009d280000, 0x00000000a5e00000)
  object space 27136K, 98% used [0x000000009b800000,0x000000009d211400,0x000000009d280000)
}
Event: 8052,051 GC heap before
{Heap before GC invocations=6929 (full 74):
 PSYoungGen      total 90624K, used 90400K [0x00000000e1f00000, 0x00000000e8500000, 0x0000000100000000)
  eden space 90112K, 100% used [0x00000000e1f00000,0x00000000e7700000,0x00000000e7700000)
  from space 512K, 56% used [0x00000000e8480000,0x00000000e84c8000,0x00000000e8500000)
  to   space 512K, 0% used [0x00000000e8400000,0x00000000e8400000,0x00000000e8480000)
 ParOldGen       total 51712K, used 39090K [0x00000000a5e00000, 0x00000000a9080000, 0x00000000e1f00000)
  object space 51712K, 75% used [0x00000000a5e00000,0x00000000a842c980,0x00000000a9080000)
 PSPermGen       total 27136K, used 26693K [0x000000009b800000, 0x000000009d280000, 0x00000000a5e00000)
  object space 27136K, 98% used [0x000000009b800000,0x000000009d211400,0x000000009d280000)
Event: 8052,056 GC heap after
Heap after GC invocations=6929 (full 74):
 PSYoungGen      total 103936K, used 416K [0x00000000e1f00000, 0x00000000e8900000, 0x0000000100000000)
  eden space 103424K, 0% used [0x00000000e1f00000,0x00000000e1f00000,0x00000000e8400000)
  from space 512K, 81% used [0x00000000e8400000,0x00000000e8468000,0x00000000e8480000)
  to   space 1024K, 0% used [0x00000000e8800000,0x00000000e8800000,0x00000000e8900000)
 ParOldGen       total 51712K, used 39378K [0x00000000a5e00000, 0x00000000a9080000, 0x00000000e1f00000)
  object space 51712K, 76% used [0x00000000a5e00000,0x00000000a8474980,0x00000000a9080000)
 PSPermGen       total 27136K, used 26693K [0x000000009b800000, 0x000000009d280000, 0x00000000a5e00000)
  object space 27136K, 98% used [0x000000009b800000,0x000000009d211400,0x000000009d280000)
}

