# JRE version: OpenJDK Runtime Environment (7.0_85-b01) (build 1.7.0_85-b01)
# Java VM: OpenJDK 64-Bit Server VM (24.85-b03 mixed mode linux-amd64 compressed oops)
Heap
 PSYoungGen      total 90624K, used 13198K [0x00000000e1f00000, 0x00000000ea080000, 0x0000000100000000)
  eden space 88576K, 14% used [0x00000000e1f00000,0x00000000e2bcbb30,0x00000000e7580000)
  from space 2048K, 4% used [0x00000000e9c80000,0x00000000e9c98000,0x00000000e9e80000)
  to   space 2048K, 0% used [0x00000000e9e80000,0x00000000e9e80000,0x00000000ea080000)
 ParOldGen       total 52736K, used 51211K [0x00000000a5e00000, 0x00000000a9180000, 0x00000000e1f00000)
  object space 52736K, 97% used [0x00000000a5e00000,0x00000000a9002c48,0x00000000a9180000)
 PSPermGen       total 53248K, used 26630K [0x000000009b800000, 0x000000009ec00000, 0x00000000a5e00000)
  object space 53248K, 50% used [0x000000009b800000,0x000000009d201a10,0x000000009ec00000)
GC Heap History (10 events):
Event: 506,709 GC heap before
{Heap before GC invocations=114 (full 1):
 PSYoungGen      total 108544K, used 108371K [0x00000000e1f00000, 0x00000000ea400000, 0x0000000100000000)
  eden space 107520K, 100% used [0x00000000e1f00000,0x00000000e8800000,0x00000000e8800000)
  from space 1024K, 83% used [0x00000000ea300000,0x00000000ea3d4f80,0x00000000ea400000)
  to   space 2048K, 0% used [0x00000000ea000000,0x00000000ea000000,0x00000000ea200000)
 ParOldGen       total 52736K, used 50056K [0x00000000a5e00000, 0x00000000a9180000, 0x00000000e1f00000)
  object space 52736K, 94% used [0x00000000a5e00000,0x00000000a8ee21b8,0x00000000a9180000)
 PSPermGen       total 53248K, used 26563K [0x000000009b800000, 0x000000009ec00000, 0x00000000a5e00000)
  object space 53248K, 49% used [0x000000009b800000,0x000000009d1f0e98,0x000000009ec00000)
Event: 506,715 GC heap after
Heap after GC invocations=114 (full 1):
 PSYoungGen      total 104448K, used 672K [0x00000000e1f00000, 0x00000000ea380000, 0x0000000100000000)
  eden space 103424K, 0% used [0x00000000e1f00000,0x00000000e1f00000,0x00000000e8400000)
  from space 1024K, 65% used [0x00000000ea000000,0x00000000ea0a8000,0x00000000ea100000)
  to   space 2048K, 0% used [0x00000000ea180000,0x00000000ea180000,0x00000000ea380000)
 ParOldGen       total 52736K, used 50616K [0x00000000a5e00000, 0x00000000a9180000, 0x00000000e1f00000)
  object space 52736K, 95% used [0x00000000a5e00000,0x00000000a8f6e1b8,0x00000000a9180000)
 PSPermGen       total 53248K, used 26563K [0x000000009b800000, 0x000000009ec00000, 0x00000000a5e00000)
  object space 53248K, 49% used [0x000000009b800000,0x000000009d1f0e98,0x000000009ec00000)
}
Event: 532,552 GC heap before
{Heap before GC invocations=115 (full 1):
 PSYoungGen      total 104448K, used 104096K [0x00000000e1f00000, 0x00000000ea380000, 0x0000000100000000)
  eden space 103424K, 100% used [0x00000000e1f00000,0x00000000e8400000,0x00000000e8400000)
  from space 1024K, 65% used [0x00000000ea000000,0x00000000ea0a8000,0x00000000ea100000)
  to   space 2048K, 0% used [0x00000000ea180000,0x00000000ea180000,0x00000000ea380000)
 ParOldGen       total 52736K, used 50616K [0x00000000a5e00000, 0x00000000a9180000, 0x00000000e1f00000)
  object space 52736K, 95% used [0x00000000a5e00000,0x00000000a8f6e1d8,0x00000000a9180000)
 PSPermGen       total 53248K, used 26570K [0x000000009b800000, 0x000000009ec00000, 0x00000000a5e00000)
  object space 53248K, 49% used [0x000000009b800000,0x000000009d1f2a28,0x000000009ec00000)
Event: 532,557 GC heap after
Heap after GC invocations=115 (full 1):
 PSYoungGen      total 99840K, used 96K [0x00000000e1f00000, 0x00000000ea200000, 0x0000000100000000)
  eden space 99328K, 0% used [0x00000000e1f00000,0x00000000e1f00000,0x00000000e8000000)
  from space 512K, 18% used [0x00000000ea180000,0x00000000ea198000,0x00000000ea200000)
  to   space 2048K, 0% used [0x00000000e9e00000,0x00000000e9e00000,0x00000000ea000000)
 ParOldGen       total 52736K, used 51176K [0x00000000a5e00000, 0x00000000a9180000, 0x00000000e1f00000)
  object space 52736K, 97% used [0x00000000a5e00000,0x00000000a8ffa1d8,0x00000000a9180000)
 PSPermGen       total 53248K, used 26570K [0x000000009b800000, 0x000000009ec00000, 0x00000000a5e00000)
  object space 53248K, 49% used [0x000000009b800000,0x000000009d1f2a28,0x000000009ec00000)
}
Event: 557,321 GC heap before
{Heap before GC invocations=116 (full 1):
 PSYoungGen      total 99840K, used 99424K [0x00000000e1f00000, 0x00000000ea200000, 0x0000000100000000)
  eden space 99328K, 100% used [0x00000000e1f00000,0x00000000e8000000,0x00000000e8000000)
  from space 512K, 18% used [0x00000000ea180000,0x00000000ea198000,0x00000000ea200000)
  to   space 2048K, 0% used [0x00000000e9e00000,0x00000000e9e00000,0x00000000ea000000)
 ParOldGen       total 52736K, used 51179K [0x00000000a5e00000, 0x00000000a9180000, 0x00000000e1f00000)
  object space 52736K, 97% used [0x00000000a5e00000,0x00000000a8ffac48,0x00000000a9180000)
 PSPermGen       total 53248K, used 26580K [0x000000009b800000, 0x000000009ec00000, 0x00000000a5e00000)
  object space 53248K, 49% used [0x000000009b800000,0x000000009d1f52c0,0x000000009ec00000)
Event: 557,327 GC heap after
Heap after GC invocations=116 (full 1):
 PSYoungGen      total 97792K, used 96K [0x00000000e1f00000, 0x00000000ea200000, 0x0000000100000000)
  eden space 95744K, 0% used [0x00000000e1f00000,0x00000000e1f00000,0x00000000e7c80000)
  from space 2048K, 4% used [0x00000000e9e00000,0x00000000e9e18000,0x00000000ea000000)
  to   space 2048K, 0% used [0x00000000ea000000,0x00000000ea000000,0x00000000ea200000)
 ParOldGen       total 52736K, used 51187K [0x00000000a5e00000, 0x00000000a9180000, 0x00000000e1f00000)
  object space 52736K, 97% used [0x00000000a5e00000,0x00000000a8ffcc48,0x00000000a9180000)
 PSPermGen       total 53248K, used 26580K [0x000000009b800000, 0x000000009ec00000, 0x00000000a5e00000)
  object space 53248K, 49% used [0x000000009b800000,0x000000009d1f52c0,0x000000009ec00000)
}
Event: 720,742 GC heap before
{Heap before GC invocations=117 (full 1):
 PSYoungGen      total 97792K, used 95840K [0x00000000e1f00000, 0x00000000ea200000, 0x0000000100000000)
  eden space 95744K, 100% used [0x00000000e1f00000,0x00000000e7c80000,0x00000000e7c80000)
  from space 2048K, 4% used [0x00000000e9e00000,0x00000000e9e18000,0x00000000ea000000)
  to   space 2048K, 0% used [0x00000000ea000000,0x00000000ea000000,0x00000000ea200000)
 ParOldGen       total 52736K, used 51187K [0x00000000a5e00000, 0x00000000a9180000, 0x00000000e1f00000)
  object space 52736K, 97% used [0x00000000a5e00000,0x00000000a8ffcc48,0x00000000a9180000)
 PSPermGen       total 53248K, used 26598K [0x000000009b800000, 0x000000009ec00000, 0x00000000a5e00000)
  object space 53248K, 49% used [0x000000009b800000,0x000000009d1f9898,0x000000009ec00000)
Event: 720,749 GC heap after
Heap after GC invocations=117 (full 1):
 PSYoungGen      total 92672K, used 96K [0x00000000e1f00000, 0x00000000ea080000, 0x0000000100000000)
  eden space 92160K, 0% used [0x00000000e1f00000,0x00000000e1f00000,0x00000000e7900000)
  from space 512K, 18% used [0x00000000ea000000,0x00000000ea018000,0x00000000ea080000)
  to   space 2048K, 0% used [0x00000000e9c80000,0x00000000e9c80000,0x00000000e9e80000)
 ParOldGen       total 52736K, used 51195K [0x00000000a5e00000, 0x00000000a9180000, 0x00000000e1f00000)
  object space 52736K, 97% used [0x00000000a5e00000,0x00000000a8ffec48,0x00000000a9180000)
 PSPermGen       total 53248K, used 26598K [0x000000009b800000, 0x000000009ec00000, 0x00000000a5e00000)
  object space 53248K, 49% used [0x000000009b800000,0x000000009d1f9898,0x000000009ec00000)
}
Event: 7686,432 GC heap before
{Heap before GC invocations=118 (full 1):
 PSYoungGen      total 92672K, used 92256K [0x00000000e1f00000, 0x00000000ea080000, 0x0000000100000000)
  eden space 92160K, 100% used [0x00000000e1f00000,0x00000000e7900000,0x00000000e7900000)
  from space 512K, 18% used [0x00000000ea000000,0x00000000ea018000,0x00000000ea080000)
  to   space 2048K, 0% used [0x00000000e9c80000,0x00000000e9c80000,0x00000000e9e80000)
 ParOldGen       total 52736K, used 51195K [0x00000000a5e00000, 0x00000000a9180000, 0x00000000e1f00000)
  object space 52736K, 97% used [0x00000000a5e00000,0x00000000a8ffec48,0x00000000a9180000)
 PSPermGen       total 53248K, used 26621K [0x000000009b800000, 0x000000009ec00000, 0x00000000a5e00000)
  object space 53248K, 49% used [0x000000009b800000,0x000000009d1ff5e0,0x000000009ec00000)
Event: 7686,439 GC heap after
Heap after GC invocations=118 (full 1):
 PSYoungGen      total 90624K, used 96K [0x00000000e1f00000, 0x00000000ea080000, 0x0000000100000000)
  eden space 88576K, 0% used [0x00000000e1f00000,0x00000000e1f00000,0x00000000e7580000)
  from space 2048K, 4% used [0x00000000e9c80000,0x00000000e9c98000,0x00000000e9e80000)
  to   space 2048K, 0% used [0x00000000e9e80000,0x00000000e9e80000,0x00000000ea080000)
 ParOldGen       total 52736K, used 51211K [0x00000000a5e00000, 0x00000000a9180000, 0x00000000e1f00000)
  object space 52736K, 97% used [0x00000000a5e00000,0x00000000a9002c48,0x00000000a9180000)
 PSPermGen       total 53248K, used 26621K [0x000000009b800000, 0x000000009ec00000, 0x00000000a5e00000)
  object space 53248K, 49% used [0x000000009b800000,0x000000009d1ff5e0,0x000000009ec00000)
}

